<?xml version="1.0" encoding="UTF-8"?>
<coverage generated="1711686526691" clover="3.2.0">
  <project timestamp="1711686526691" name="All files">
    <metrics statements="4" coveredstatements="4" conditionals="2" coveredconditionals="1" methods="3" coveredmethods="3" elements="9" coveredelements="8" complexity="0" loc="4" ncloc="4" packages="1" files="1" classes="1"/>
    <file name="ship.js" path="/home/vboxuser/repos/battleship/src/ship.js">
      <metrics statements="4" coveredstatements="4" conditionals="2" coveredconditionals="1" methods="3" coveredmethods="3"/>
      <line num="3" count="3" type="stmt"/>
      <line num="4" count="3" type="stmt"/>
      <line num="8" count="5" type="stmt"/>
      <line num="12" count="2" type="cond" truecount="1" falsecount="1"/>
    </file>
  </project>
</coverage>
