{"/home/vboxuser/repos/battleship/src/ship.js": {"path":"/home/vboxuser/repos/battleship/src/ship.js","statementMap":{"0":{"start":{"line":3,"column":4},"end":{"line":3,"column":21}},"1":{"start":{"line":4,"column":4},"end":{"line":4,"column":18}},"2":{"start":{"line":5,"column":4},"end":{"line":5,"column":25}},"3":{"start":{"line":6,"column":4},"end":{"line":6,"column":24}},"4":{"start":{"line":10,"column":4},"end":{"line":10,"column":16}},"5":{"start":{"line":11,"column":4},"end":{"line":14,"column":5}},"6":{"start":{"line":12,"column":6},"end":{"line":12,"column":25}},"7":{"start":{"line":13,"column":6},"end":{"line":13,"column":49}}},"fnMap":{"0":{"name":"(anonymous_0)","decl":{"start":{"line":2,"column":2},"end":{"line":2,"column":3}},"loc":{"start":{"line":2,"column":32},"end":{"line":7,"column":3}},"line":2},"1":{"name":"(anonymous_1)","decl":{"start":{"line":9,"column":2},"end":{"line":9,"column":3}},"loc":{"start":{"line":9,"column":8},"end":{"line":15,"column":3}},"line":9}},"branchMap":{"0":{"loc":{"start":{"line":2,"column":20},"end":{"line":2,"column":30}},"type":"default-arg","locations":[{"start":{"line":2,"column":29},"end":{"line":2,"column":30}}],"line":2},"1":{"loc":{"start":{"line":11,"column":4},"end":{"line":14,"column":5}},"type":"if","locations":[{"start":{"line":11,"column":4},"end":{"line":14,"column":5}},{"start":{},"end":{}}],"line":11}},"s":{"0":2,"1":2,"2":2,"3":2,"4":5,"5":5,"6":2,"7":2},"f":{"0":2,"1":5},"b":{"0":[0],"1":[2,3]},"_coverageSchema":"1a1c01bbd47fc00a2c39e90264f33305004495a9","hash":"610ef6db4b6c5eddf23c2f861670f7c0b221b6e5"}
}
