{"/home/vboxuser/repos/battleship/src/gameboard.js": {"path":"/home/vboxuser/repos/battleship/src/gameboard.js","statementMap":{"0":{"start":{"line":3,"column":4},"end":{"line":3,"column":21}},"1":{"start":{"line":4,"column":4},"end":{"line":4,"column":75}},"2":{"start":{"line":4,"column":51},"end":{"line":4,"column":73}},"3":{"start":{"line":5,"column":4},"end":{"line":5,"column":20}},"4":{"start":{"line":6,"column":4},"end":{"line":6,"column":28}},"5":{"start":{"line":10,"column":26},"end":{"line":10,"column":28}},"6":{"start":{"line":12,"column":4},"end":{"line":34,"column":5}},"7":{"start":{"line":12,"column":17},"end":{"line":12,"column":18}},"8":{"start":{"line":13,"column":17},"end":{"line":13,"column":18}},"9":{"start":{"line":14,"column":17},"end":{"line":14,"column":18}},"10":{"start":{"line":15,"column":6},"end":{"line":21,"column":7}},"11":{"start":{"line":16,"column":8},"end":{"line":16,"column":18}},"12":{"start":{"line":17,"column":13},"end":{"line":21,"column":7}},"13":{"start":{"line":18,"column":8},"end":{"line":18,"column":18}},"14":{"start":{"line":20,"column":8},"end":{"line":20,"column":78}},"15":{"start":{"line":24,"column":6},"end":{"line":32,"column":7}},"16":{"start":{"line":27,"column":8},"end":{"line":27,"column":57}},"17":{"start":{"line":30,"column":11},"end":{"line":32,"column":7}},"18":{"start":{"line":31,"column":8},"end":{"line":31,"column":64}},"19":{"start":{"line":33,"column":6},"end":{"line":33,"column":39}},"20":{"start":{"line":36,"column":4},"end":{"line":38,"column":7}},"21":{"start":{"line":37,"column":6},"end":{"line":37,"column":35}},"22":{"start":{"line":40,"column":4},"end":{"line":40,"column":45}},"23":{"start":{"line":44,"column":4},"end":{"line":46,"column":5}},"24":{"start":{"line":45,"column":6},"end":{"line":45,"column":47}},"25":{"start":{"line":47,"column":19},"end":{"line":47,"column":34}},"26":{"start":{"line":49,"column":4},"end":{"line":55,"column":5}},"27":{"start":{"line":50,"column":6},"end":{"line":50,"column":38}},"28":{"start":{"line":51,"column":6},"end":{"line":51,"column":21}},"29":{"start":{"line":53,"column":6},"end":{"line":53,"column":19}},"30":{"start":{"line":54,"column":6},"end":{"line":54,"column":38}},"31":{"start":{"line":58,"column":21},"end":{"line":60,"column":6}},"32":{"start":{"line":59,"column":6},"end":{"line":59,"column":30}},"33":{"start":{"line":62,"column":4},"end":{"line":62,"column":45}},"34":{"start":{"line":62,"column":33},"end":{"line":62,"column":43}},"35":{"start":{"line":68,"column":4},"end":{"line":91,"column":7}},"36":{"start":{"line":72,"column":14},"end":{"line":72,"column":15}},"37":{"start":{"line":73,"column":6},"end":{"line":88,"column":9}},"38":{"start":{"line":74,"column":27},"end":{"line":74,"column":55}},"39":{"start":{"line":75,"column":16},"end":{"line":75,"column":17}},"40":{"start":{"line":76,"column":8},"end":{"line":85,"column":11}},"41":{"start":{"line":77,"column":30},"end":{"line":77,"column":58}},"42":{"start":{"line":79,"column":10},"end":{"line":79,"column":44}},"43":{"start":{"line":80,"column":10},"end":{"line":80,"column":48}},"44":{"start":{"line":81,"column":10},"end":{"line":81,"column":48}},"45":{"start":{"line":82,"column":10},"end":{"line":82,"column":14}},"46":{"start":{"line":84,"column":10},"end":{"line":84,"column":46}},"47":{"start":{"line":86,"column":8},"end":{"line":86,"column":12}},"48":{"start":{"line":87,"column":8},"end":{"line":87,"column":38}},"49":{"start":{"line":97,"column":4},"end":{"line":97,"column":12}},"50":{"start":{"line":101,"column":4},"end":{"line":120,"column":7}},"51":{"start":{"line":102,"column":31},"end":{"line":104,"column":7}},"52":{"start":{"line":106,"column":6},"end":{"line":119,"column":9}},"53":{"start":{"line":107,"column":8},"end":{"line":118,"column":11}},"54":{"start":{"line":108,"column":10},"end":{"line":117,"column":11}},"55":{"start":{"line":114,"column":12},"end":{"line":114,"column":44}},"56":{"start":{"line":116,"column":12},"end":{"line":116,"column":41}},"57":{"start":{"line":125,"column":12},"end":{"line":125,"column":14}},"58":{"start":{"line":126,"column":2},"end":{"line":128,"column":3}},"59":{"start":{"line":126,"column":15},"end":{"line":126,"column":16}},"60":{"start":{"line":127,"column":4},"end":{"line":127,"column":16}},"61":{"start":{"line":129,"column":2},"end":{"line":129,"column":13}}},"fnMap":{"0":{"name":"(anonymous_0)","decl":{"start":{"line":2,"column":2},"end":{"line":2,"column":3}},"loc":{"start":{"line":2,"column":25},"end":{"line":7,"column":3}},"line":2},"1":{"name":"(anonymous_1)","decl":{"start":{"line":4,"column":45},"end":{"line":4,"column":46}},"loc":{"start":{"line":4,"column":51},"end":{"line":4,"column":73}},"line":4},"2":{"name":"(anonymous_2)","decl":{"start":{"line":9,"column":2},"end":{"line":9,"column":3}},"loc":{"start":{"line":9,"column":24},"end":{"line":41,"column":3}},"line":9},"3":{"name":"(anonymous_3)","decl":{"start":{"line":36,"column":26},"end":{"line":36,"column":27}},"loc":{"start":{"line":36,"column":44},"end":{"line":38,"column":5}},"line":36},"4":{"name":"(anonymous_4)","decl":{"start":{"line":43,"column":2},"end":{"line":43,"column":3}},"loc":{"start":{"line":43,"column":22},"end":{"line":56,"column":3}},"line":43},"5":{"name":"(anonymous_5)","decl":{"start":{"line":57,"column":2},"end":{"line":57,"column":3}},"loc":{"start":{"line":57,"column":25},"end":{"line":63,"column":3}},"line":57},"6":{"name":"(anonymous_6)","decl":{"start":{"line":58,"column":36},"end":{"line":58,"column":37}},"loc":{"start":{"line":58,"column":46},"end":{"line":60,"column":5}},"line":58},"7":{"name":"(anonymous_7)","decl":{"start":{"line":62,"column":26},"end":{"line":62,"column":27}},"loc":{"start":{"line":62,"column":33},"end":{"line":62,"column":43}},"line":62},"8":{"name":"(anonymous_8)","decl":{"start":{"line":65,"column":2},"end":{"line":65,"column":3}},"loc":{"start":{"line":65,"column":22},"end":{"line":92,"column":3}},"line":65},"9":{"name":"(anonymous_9)","decl":{"start":{"line":68,"column":50},"end":{"line":68,"column":51}},"loc":{"start":{"line":68,"column":56},"end":{"line":91,"column":5}},"line":68},"10":{"name":"(anonymous_10)","decl":{"start":{"line":73,"column":24},"end":{"line":73,"column":25}},"loc":{"start":{"line":73,"column":33},"end":{"line":88,"column":7}},"line":73},"11":{"name":"(anonymous_11)","decl":{"start":{"line":76,"column":20},"end":{"line":76,"column":21}},"loc":{"start":{"line":76,"column":30},"end":{"line":85,"column":9}},"line":76},"12":{"name":"(anonymous_12)","decl":{"start":{"line":96,"column":2},"end":{"line":96,"column":3}},"loc":{"start":{"line":96,"column":16},"end":{"line":98,"column":3}},"line":96},"13":{"name":"(anonymous_13)","decl":{"start":{"line":100,"column":2},"end":{"line":100,"column":3}},"loc":{"start":{"line":100,"column":48},"end":{"line":121,"column":3}},"line":100},"14":{"name":"(anonymous_14)","decl":{"start":{"line":101,"column":50},"end":{"line":101,"column":51}},"loc":{"start":{"line":101,"column":56},"end":{"line":120,"column":5}},"line":101},"15":{"name":"(anonymous_15)","decl":{"start":{"line":106,"column":31},"end":{"line":106,"column":32}},"loc":{"start":{"line":106,"column":44},"end":{"line":119,"column":7}},"line":106},"16":{"name":"(anonymous_16)","decl":{"start":{"line":107,"column":42},"end":{"line":107,"column":43}},"loc":{"start":{"line":107,"column":48},"end":{"line":118,"column":9}},"line":107},"17":{"name":"range","decl":{"start":{"line":124,"column":9},"end":{"line":124,"column":14}},"loc":{"start":{"line":124,"column":18},"end":{"line":130,"column":1}},"line":124}},"branchMap":{"0":{"loc":{"start":{"line":2,"column":14},"end":{"line":2,"column":23}},"type":"default-arg","locations":[{"start":{"line":2,"column":21},"end":{"line":2,"column":23}}],"line":2},"1":{"loc":{"start":{"line":15,"column":6},"end":{"line":21,"column":7}},"type":"if","locations":[{"start":{"line":15,"column":6},"end":{"line":21,"column":7}},{"start":{"line":17,"column":13},"end":{"line":21,"column":7}}],"line":15},"2":{"loc":{"start":{"line":17,"column":13},"end":{"line":21,"column":7}},"type":"if","locations":[{"start":{"line":17,"column":13},"end":{"line":21,"column":7}},{"start":{"line":19,"column":13},"end":{"line":21,"column":7}}],"line":17},"3":{"loc":{"start":{"line":24,"column":6},"end":{"line":32,"column":7}},"type":"if","locations":[{"start":{"line":24,"column":6},"end":{"line":32,"column":7}},{"start":{"line":30,"column":11},"end":{"line":32,"column":7}}],"line":24},"4":{"loc":{"start":{"line":25,"column":10},"end":{"line":25,"column":76}},"type":"binary-expr","locations":[{"start":{"line":25,"column":10},"end":{"line":25,"column":41}},{"start":{"line":25,"column":45},"end":{"line":25,"column":76}}],"line":25},"5":{"loc":{"start":{"line":30,"column":11},"end":{"line":32,"column":7}},"type":"if","locations":[{"start":{"line":30,"column":11},"end":{"line":32,"column":7}},{"start":{},"end":{}}],"line":30},"6":{"loc":{"start":{"line":44,"column":4},"end":{"line":46,"column":5}},"type":"if","locations":[{"start":{"line":44,"column":4},"end":{"line":46,"column":5}},{"start":{},"end":{}}],"line":44},"7":{"loc":{"start":{"line":44,"column":8},"end":{"line":44,"column":58}},"type":"binary-expr","locations":[{"start":{"line":44,"column":8},"end":{"line":44,"column":13}},{"start":{"line":44,"column":17},"end":{"line":44,"column":31}},{"start":{"line":44,"column":35},"end":{"line":44,"column":40}},{"start":{"line":44,"column":44},"end":{"line":44,"column":58}}],"line":44},"8":{"loc":{"start":{"line":49,"column":4},"end":{"line":55,"column":5}},"type":"if","locations":[{"start":{"line":49,"column":4},"end":{"line":55,"column":5}},{"start":{"line":52,"column":11},"end":{"line":55,"column":5}}],"line":49},"9":{"loc":{"start":{"line":108,"column":10},"end":{"line":117,"column":11}},"type":"if","locations":[{"start":{"line":108,"column":10},"end":{"line":117,"column":11}},{"start":{"line":115,"column":17},"end":{"line":117,"column":11}}],"line":108}},"s":{"0":6,"1":6,"2":60,"3":6,"4":6,"5":8,"6":8,"7":8,"8":16,"9":16,"10":16,"11":13,"12":3,"13":3,"14":0,"15":16,"16":2,"17":14,"18":1,"19":13,"20":5,"21":13,"22":5,"23":7,"24":1,"25":6,"26":6,"27":1,"28":1,"29":5,"30":5,"31":2,"32":4,"33":2,"34":3,"35":0,"36":0,"37":0,"38":0,"39":0,"40":0,"41":0,"42":0,"43":0,"44":0,"45":0,"46":0,"47":0,"48":0,"49":0,"50":0,"51":0,"52":0,"53":0,"54":0,"55":0,"56":0,"57":31,"58":31,"59":31,"60":310,"61":31},"f":{"0":6,"1":60,"2":8,"3":13,"4":7,"5":2,"6":4,"7":3,"8":0,"9":0,"10":0,"11":0,"12":0,"13":0,"14":0,"15":0,"16":0,"17":31},"b":{"0":[3],"1":[13,3],"2":[3,0],"3":[2,14],"4":[16,15],"5":[1,13],"6":[1,6],"7":[7,6,6,6],"8":[1,5],"9":[0,0]},"_coverageSchema":"1a1c01bbd47fc00a2c39e90264f33305004495a9","hash":"a0ae824d0310d816b6a00649baba3bfeec185384"}
,"/home/vboxuser/repos/battleship/src/ship.js": {"path":"/home/vboxuser/repos/battleship/src/ship.js","statementMap":{"0":{"start":{"line":3,"column":4},"end":{"line":3,"column":21}},"1":{"start":{"line":4,"column":4},"end":{"line":4,"column":18}},"2":{"start":{"line":5,"column":4},"end":{"line":5,"column":25}},"3":{"start":{"line":6,"column":4},"end":{"line":6,"column":31}},"4":{"start":{"line":7,"column":4},"end":{"line":7,"column":24}},"5":{"start":{"line":11,"column":4},"end":{"line":11,"column":16}},"6":{"start":{"line":12,"column":4},"end":{"line":14,"column":5}},"7":{"start":{"line":13,"column":6},"end":{"line":13,"column":25}}},"fnMap":{"0":{"name":"(anonymous_0)","decl":{"start":{"line":2,"column":2},"end":{"line":2,"column":3}},"loc":{"start":{"line":2,"column":39},"end":{"line":8,"column":3}},"line":2},"1":{"name":"(anonymous_1)","decl":{"start":{"line":10,"column":2},"end":{"line":10,"column":3}},"loc":{"start":{"line":10,"column":8},"end":{"line":15,"column":3}},"line":10}},"branchMap":{"0":{"loc":{"start":{"line":12,"column":4},"end":{"line":14,"column":5}},"type":"if","locations":[{"start":{"line":12,"column":4},"end":{"line":14,"column":5}},{"start":{},"end":{}}],"line":12}},"s":{"0":9,"1":9,"2":9,"3":9,"4":9,"5":10,"6":10,"7":4},"f":{"0":9,"1":10},"b":{"0":[4,6]},"_coverageSchema":"1a1c01bbd47fc00a2c39e90264f33305004495a9","hash":"0c3d5bedcd31abea54591cb61fa1b090450d9996"}
}
