TN:
SF:src/gameboard.js
FN:2,(anonymous_0)
FN:4,(anonymous_1)
FN:9,(anonymous_2)
FN:36,(anonymous_3)
FN:43,(anonymous_4)
FN:57,(anonymous_5)
FN:58,(anonymous_6)
FN:62,(anonymous_7)
FN:65,(anonymous_8)
FN:68,(anonymous_9)
FN:73,(anonymous_10)
FN:76,(anonymous_11)
FN:96,(anonymous_12)
FN:100,(anonymous_13)
FN:101,(anonymous_14)
FN:106,(anonymous_15)
FN:107,(anonymous_16)
FN:124,range
FNF:18
FNH:9
FNDA:6,(anonymous_0)
FNDA:60,(anonymous_1)
FNDA:8,(anonymous_2)
FNDA:13,(anonymous_3)
FNDA:7,(anonymous_4)
FNDA:2,(anonymous_5)
FNDA:4,(anonymous_6)
FNDA:3,(anonymous_7)
FNDA:0,(anonymous_8)
FNDA:0,(anonymous_9)
FNDA:0,(anonymous_10)
FNDA:0,(anonymous_11)
FNDA:0,(anonymous_12)
FNDA:0,(anonymous_13)
FNDA:0,(anonymous_14)
FNDA:0,(anonymous_15)
FNDA:0,(anonymous_16)
FNDA:31,range
DA:3,6
DA:4,60
DA:5,6
DA:6,6
DA:10,8
DA:12,8
DA:13,16
DA:14,16
DA:15,16
DA:16,13
DA:17,3
DA:18,3
DA:20,0
DA:24,16
DA:27,2
DA:30,14
DA:31,1
DA:33,13
DA:36,5
DA:37,13
DA:40,5
DA:44,7
DA:45,1
DA:47,6
DA:49,6
DA:50,1
DA:51,1
DA:53,5
DA:54,5
DA:58,2
DA:59,4
DA:62,3
DA:68,0
DA:72,0
DA:73,0
DA:74,0
DA:75,0
DA:76,0
DA:77,0
DA:79,0
DA:80,0
DA:81,0
DA:82,0
DA:84,0
DA:86,0
DA:87,0
DA:97,0
DA:101,0
DA:102,0
DA:106,0
DA:107,0
DA:108,0
DA:114,0
DA:116,0
DA:125,31
DA:126,31
DA:127,310
DA:129,31
LF:58
LH:35
BRDA:2,0,0,3
BRDA:15,1,0,13
BRDA:15,1,1,3
BRDA:17,2,0,3
BRDA:17,2,1,0
BRDA:24,3,0,2
BRDA:24,3,1,14
BRDA:25,4,0,16
BRDA:25,4,1,15
BRDA:30,5,0,1
BRDA:30,5,1,13
BRDA:44,6,0,1
BRDA:44,6,1,6
BRDA:44,7,0,7
BRDA:44,7,1,6
BRDA:44,7,2,6
BRDA:44,7,3,6
BRDA:49,8,0,1
BRDA:49,8,1,5
BRDA:108,9,0,0
BRDA:108,9,1,0
BRF:21
BRH:18
end_of_record
TN:
SF:src/ship.js
FN:2,(anonymous_0)
FN:10,(anonymous_1)
FNF:2
FNH:2
FNDA:9,(anonymous_0)
FNDA:10,(anonymous_1)
DA:3,9
DA:4,9
DA:5,9
DA:6,9
DA:7,9
DA:11,10
DA:12,10
DA:13,4
LF:8
LH:8
BRDA:12,0,0,4
BRDA:12,0,1,6
BRF:2
BRH:2
end_of_record
