TN:
SF:src/gameboard.js
FN:2,(anonymous_0)
FN:4,(anonymous_1)
FN:8,(anonymous_2)
FN:35,(anonymous_3)
FN:42,(anonymous_4)
FN:57,range
FNF:6
FNH:5
FNDA:4,(anonymous_0)
FNDA:40,(anonymous_1)
FNDA:5,(anonymous_2)
FNDA:6,(anonymous_3)
FNDA:0,(anonymous_4)
FNDA:17,range
DA:3,4
DA:4,40
DA:5,4
DA:6,4
DA:9,5
DA:11,5
DA:12,9
DA:13,9
DA:14,9
DA:15,6
DA:16,3
DA:17,3
DA:19,0
DA:23,9
DA:26,2
DA:29,7
DA:30,1
DA:32,6
DA:35,2
DA:36,6
DA:39,2
DA:43,0
DA:44,0
DA:47,0
DA:48,0
DA:49,0
DA:51,0
DA:52,0
DA:58,17
DA:59,17
DA:60,170
DA:62,17
LF:32
LH:24
BRDA:14,0,0,6
BRDA:14,0,1,3
BRDA:16,1,0,3
BRDA:16,1,1,0
BRDA:23,2,0,2
BRDA:23,2,1,7
BRDA:24,3,0,9
BRDA:24,3,1,8
BRDA:29,4,0,1
BRDA:29,4,1,6
BRDA:43,5,0,0
BRDA:43,5,1,0
BRDA:43,6,0,0
BRDA:43,6,1,0
BRDA:43,6,2,0
BRDA:43,6,3,0
BRDA:48,7,0,0
BRDA:48,7,1,0
BRF:18
BRH:9
end_of_record
TN:
SF:src/ship.js
FN:2,(anonymous_0)
FN:9,(anonymous_1)
FNF:2
FNH:2
FNDA:6,(anonymous_0)
FNDA:5,(anonymous_1)
DA:3,6
DA:4,6
DA:5,6
DA:6,6
DA:10,5
DA:11,5
DA:12,2
LF:7
LH:7
BRDA:11,0,0,2
BRDA:11,0,1,3
BRF:2
BRH:2
end_of_record
